<?xml version="1.0" ?>
<testsuite errors="0" failures="0" name="SearchHotel.SearchHotel-20190725122628" tests="4" time="18.963">
	<testcase classname="SearchHotel.SearchHotel" name="test_01_Search_location" time="3.393"/>
	<testcase classname="SearchHotel.SearchHotel" name="test_02_check_in_out" time="4.722"/>
	<testcase classname="SearchHotel.SearchHotel" name="test_03_sel_person_num" time="2.692"/>
	<testcase classname="SearchHotel.SearchHotel" name="test_04_search_submit" time="8.156"/>
	<system-out>
<![CDATA[50
AR$
Argentine Peso
]]>	</system-out>
	<system-err>
<![CDATA[]]>	</system-err>
</testsuite>
