<?xml version="1.0" ?>
<testsuite errors="0" failures="0" name="SearchHotel.SearchHotel-20190725123220" tests="4" time="14.442">
	<testcase classname="SearchHotel.SearchHotel" name="test_01_Search_location" time="2.394"/>
	<testcase classname="SearchHotel.SearchHotel" name="test_02_check_in_out" time="3.727"/>
	<testcase classname="SearchHotel.SearchHotel" name="test_03_sel_person_num" time="2.773"/>
	<testcase classname="SearchHotel.SearchHotel" name="test_04_search_submit" time="5.547"/>
	<system-out>
<![CDATA[Hong Kong
France
Japan
China
South Korea
50
AR$
Argentine Peso
]]>	</system-out>
	<system-err>
<![CDATA[]]>	</system-err>
</testsuite>
